{"date":"Mon Aug 18 2025 22:45:32 GMT+0300 (Moscow Standard Time)","error":{"address":"::","code":"EADDRINUSE","errno":-48,"port":5001,"syscall":"listen"},"exception":true,"level":"error","message":"uncaughtException: listen EADDRINUSE: address already in use :::5001\nError: listen EADDRINUSE: address already in use :::5001\n    at Server.setupListenHandle [as _listen2] (node:net:1940:16)\n    at listenInCluster (node:net:1997:12)\n    at Server.listen (node:net:2102:7)\n    at app.listen (/Users/vladimir/pdd_project/backend/node_modules/express/lib/application.js:635:24)\n    at /Users/vladimir/pdd_project/backend/src/app.ts:84:9\n    at processTicksAndRejections (node:internal/process/task_queues:105:5)","os":{"loadavg":[2.1572265625,1.87451171875,1.94287109375],"uptime":907580},"process":{"argv":["/Users/vladimir/pdd_project/backend/node_modules/.bin/ts-node","/Users/vladimir/pdd_project/backend/src/app.ts"],"cwd":"/Users/vladimir/pdd_project/backend","execPath":"/opt/homebrew/Cellar/node/24.4.1/bin/node","gid":20,"memoryUsage":{"arrayBuffers":5183636,"external":8298117,"heapTotal":348618752,"heapUsed":218843216,"rss":477118464},"pid":67454,"uid":501,"version":"v24.4.1"},"stack":"Error: listen EADDRINUSE: address already in use :::5001\n    at Server.setupListenHandle [as _listen2] (node:net:1940:16)\n    at listenInCluster (node:net:1997:12)\n    at Server.listen (node:net:2102:7)\n    at app.listen (/Users/vladimir/pdd_project/backend/node_modules/express/lib/application.js:635:24)\n    at /Users/vladimir/pdd_project/backend/src/app.ts:84:9\n    at processTicksAndRejections (node:internal/process/task_queues:105:5)","timestamp":"2025-08-18 22:45:32","trace":[{"column":16,"file":"node:net","function":"Server.setupListenHandle [as _listen2]","line":1940,"method":"setupListenHandle [as _listen2]","native":false},{"column":12,"file":"node:net","function":"listenInCluster","line":1997,"method":null,"native":false},{"column":7,"file":"node:net","function":"Server.listen","line":2102,"method":"listen","native":false},{"column":24,"file":"/Users/vladimir/pdd_project/backend/node_modules/express/lib/application.js","function":"app.listen","line":635,"method":"listen","native":false},{"column":9,"file":"/Users/vladimir/pdd_project/backend/src/app.ts","function":null,"line":84,"method":null,"native":false},{"column":5,"file":"node:internal/process/task_queues","function":"processTicksAndRejections","line":105,"method":null,"native":false}]}
{"date":"Wed Aug 20 2025 19:06:09 GMT+0300 (Moscow Standard Time)","error":{"diagnosticCodes":[2339]},"exception":true,"level":"error","message":"uncaughtException: ⨯ Unable to compile TypeScript:\n\u001b[96msrc/routes/admin.routes.ts\u001b[0m:\u001b[93m15\u001b[0m:\u001b[93m19\u001b[0m - \u001b[91merror\u001b[0m\u001b[90m TS2339: \u001b[0mProperty 'getQuestions' does not exist on type 'AdminController'.\n\n\u001b[7m15\u001b[0m   AdminController.getQuestions(req, res).catch(next);\n\u001b[7m  \u001b[0m \u001b[91m                  ~~~~~~~~~~~~\u001b[0m\n\nTSError: ⨯ Unable to compile TypeScript:\n\u001b[96msrc/routes/admin.routes.ts\u001b[0m:\u001b[93m15\u001b[0m:\u001b[93m19\u001b[0m - \u001b[91merror\u001b[0m\u001b[90m TS2339: \u001b[0mProperty 'getQuestions' does not exist on type 'AdminController'.\n\n\u001b[7m15\u001b[0m   AdminController.getQuestions(req, res).catch(next);\n\u001b[7m  \u001b[0m \u001b[91m                  ~~~~~~~~~~~~\u001b[0m\n\n    at createTSError (/Users/vladimir/pdd_project/backend/node_modules/ts-node/src/index.ts:859:12)\n    at reportTSError (/Users/vladimir/pdd_project/backend/node_modules/ts-node/src/index.ts:863:19)\n    at getOutput (/Users/vladimir/pdd_project/backend/node_modules/ts-node/src/index.ts:1077:36)\n    at Object.compile (/Users/vladimir/pdd_project/backend/node_modules/ts-node/src/index.ts:1433:41)\n    at Module.m._compile (/Users/vladimir/pdd_project/backend/node_modules/ts-node/src/index.ts:1617:30)\n    at node:internal/modules/cjs/loader:1824:10\n    at Object.require.extensions.<computed> [as .ts] (/Users/vladimir/pdd_project/backend/node_modules/ts-node/src/index.ts:1621:12)\n    at Module.load (node:internal/modules/cjs/loader:1427:32)\n    at Module._load (node:internal/modules/cjs/loader:1250:12)\n    at TracingChannel.traceSync (node:diagnostics_channel:322:14)","os":{"loadavg":[1.794921875,1.67431640625,1.849609375],"uptime":1067217},"process":{"argv":["/Users/vladimir/pdd_project/backend/node_modules/.bin/ts-node","/Users/vladimir/pdd_project/backend/src/app.ts"],"cwd":"/Users/vladimir/pdd_project/backend","execPath":"/opt/homebrew/Cellar/node/24.4.1/bin/node","gid":20,"memoryUsage":{"arrayBuffers":5257238,"external":8353275,"heapTotal":337854464,"heapUsed":260512128,"rss":466108416},"pid":72856,"uid":501,"version":"v24.4.1"},"stack":"TSError: ⨯ Unable to compile TypeScript:\n\u001b[96msrc/routes/admin.routes.ts\u001b[0m:\u001b[93m15\u001b[0m:\u001b[93m19\u001b[0m - \u001b[91merror\u001b[0m\u001b[90m TS2339: \u001b[0mProperty 'getQuestions' does not exist on type 'AdminController'.\n\n\u001b[7m15\u001b[0m   AdminController.getQuestions(req, res).catch(next);\n\u001b[7m  \u001b[0m \u001b[91m                  ~~~~~~~~~~~~\u001b[0m\n\n    at createTSError (/Users/vladimir/pdd_project/backend/node_modules/ts-node/src/index.ts:859:12)\n    at reportTSError (/Users/vladimir/pdd_project/backend/node_modules/ts-node/src/index.ts:863:19)\n    at getOutput (/Users/vladimir/pdd_project/backend/node_modules/ts-node/src/index.ts:1077:36)\n    at Object.compile (/Users/vladimir/pdd_project/backend/node_modules/ts-node/src/index.ts:1433:41)\n    at Module.m._compile (/Users/vladimir/pdd_project/backend/node_modules/ts-node/src/index.ts:1617:30)\n    at node:internal/modules/cjs/loader:1824:10\n    at Object.require.extensions.<computed> [as .ts] (/Users/vladimir/pdd_project/backend/node_modules/ts-node/src/index.ts:1621:12)\n    at Module.load (node:internal/modules/cjs/loader:1427:32)\n    at Module._load (node:internal/modules/cjs/loader:1250:12)\n    at TracingChannel.traceSync (node:diagnostics_channel:322:14)","timestamp":"2025-08-20 19:06:09","trace":[{"column":12,"file":"/Users/vladimir/pdd_project/backend/node_modules/ts-node/src/index.ts","function":"createTSError","line":859,"method":null,"native":false},{"column":19,"file":"/Users/vladimir/pdd_project/backend/node_modules/ts-node/src/index.ts","function":"reportTSError","line":863,"method":null,"native":false},{"column":36,"file":"/Users/vladimir/pdd_project/backend/node_modules/ts-node/src/index.ts","function":"getOutput","line":1077,"method":null,"native":false},{"column":41,"file":"/Users/vladimir/pdd_project/backend/node_modules/ts-node/src/index.ts","function":"Object.compile","line":1433,"method":"compile","native":false},{"column":30,"file":"/Users/vladimir/pdd_project/backend/node_modules/ts-node/src/index.ts","function":"Module.m._compile","line":1617,"method":"_compile","native":false},{"column":10,"file":"node:internal/modules/cjs/loader","function":null,"line":1824,"method":null,"native":false},{"column":12,"file":"/Users/vladimir/pdd_project/backend/node_modules/ts-node/src/index.ts","function":"Object.require.extensions.<computed> [as .ts]","line":1621,"method":"ts]","native":false},{"column":32,"file":"node:internal/modules/cjs/loader","function":"Module.load","line":1427,"method":"load","native":false},{"column":12,"file":"node:internal/modules/cjs/loader","function":"Module._load","line":1250,"method":"_load","native":false},{"column":14,"file":"node:diagnostics_channel","function":"TracingChannel.traceSync","line":322,"method":"traceSync","native":false}]}
{"date":"Wed Aug 20 2025 20:24:17 GMT+0300 (Moscow Standard Time)","error":{"diagnosticCodes":[2551,2339,2339]},"exception":true,"level":"error","message":"uncaughtException: ⨯ Unable to compile TypeScript:\n\u001b[96msrc/routes/admin.routes.ts\u001b[0m:\u001b[93m20\u001b[0m:\u001b[93m19\u001b[0m - \u001b[91merror\u001b[0m\u001b[90m TS2551: \u001b[0mProperty 'getQuestion' does not exist on type 'AdminController'. Did you mean 'getQuestions'?\n\n\u001b[7m20\u001b[0m   AdminController.getQuestion(req, res).catch(next);\n\u001b[7m  \u001b[0m \u001b[91m                  ~~~~~~~~~~~\u001b[0m\n\n  \u001b[96msrc/controllers/admin.controller.ts\u001b[0m:\u001b[93m111\u001b[0m:\u001b[93m9\u001b[0m\n    \u001b[7m111\u001b[0m   async getQuestions(req: Request, res: Response): Promise<void> {\n    \u001b[7m   \u001b[0m \u001b[96m        ~~~~~~~~~~~~\u001b[0m\n    'getQuestions' is declared here.\n\u001b[96msrc/routes/admin.routes.ts\u001b[0m:\u001b[93m25\u001b[0m:\u001b[93m19\u001b[0m - \u001b[91merror\u001b[0m\u001b[90m TS2339: \u001b[0mProperty 'updateQuestion' does not exist on type 'AdminController'.\n\n\u001b[7m25\u001b[0m   AdminController.updateQuestion(req, res).catch(next);\n\u001b[7m  \u001b[0m \u001b[91m                  ~~~~~~~~~~~~~~\u001b[0m\n\u001b[96msrc/routes/admin.routes.ts\u001b[0m:\u001b[93m30\u001b[0m:\u001b[93m19\u001b[0m - \u001b[91merror\u001b[0m\u001b[90m TS2339: \u001b[0mProperty 'deleteQuestion' does not exist on type 'AdminController'.\n\n\u001b[7m30\u001b[0m   AdminController.deleteQuestion(req, res).catch(next);\n\u001b[7m  \u001b[0m \u001b[91m                  ~~~~~~~~~~~~~~\u001b[0m\n\nTSError: ⨯ Unable to compile TypeScript:\n\u001b[96msrc/routes/admin.routes.ts\u001b[0m:\u001b[93m20\u001b[0m:\u001b[93m19\u001b[0m - \u001b[91merror\u001b[0m\u001b[90m TS2551: \u001b[0mProperty 'getQuestion' does not exist on type 'AdminController'. Did you mean 'getQuestions'?\n\n\u001b[7m20\u001b[0m   AdminController.getQuestion(req, res).catch(next);\n\u001b[7m  \u001b[0m \u001b[91m                  ~~~~~~~~~~~\u001b[0m\n\n  \u001b[96msrc/controllers/admin.controller.ts\u001b[0m:\u001b[93m111\u001b[0m:\u001b[93m9\u001b[0m\n    \u001b[7m111\u001b[0m   async getQuestions(req: Request, res: Response): Promise<void> {\n    \u001b[7m   \u001b[0m \u001b[96m        ~~~~~~~~~~~~\u001b[0m\n    'getQuestions' is declared here.\n\u001b[96msrc/routes/admin.routes.ts\u001b[0m:\u001b[93m25\u001b[0m:\u001b[93m19\u001b[0m - \u001b[91merror\u001b[0m\u001b[90m TS2339: \u001b[0mProperty 'updateQuestion' does not exist on type 'AdminController'.\n\n\u001b[7m25\u001b[0m   AdminController.updateQuestion(req, res).catch(next);\n\u001b[7m  \u001b[0m \u001b[91m                  ~~~~~~~~~~~~~~\u001b[0m\n\u001b[96msrc/routes/admin.routes.ts\u001b[0m:\u001b[93m30\u001b[0m:\u001b[93m19\u001b[0m - \u001b[91merror\u001b[0m\u001b[90m TS2339: \u001b[0mProperty 'deleteQuestion' does not exist on type 'AdminController'.\n\n\u001b[7m30\u001b[0m   AdminController.deleteQuestion(req, res).catch(next);\n\u001b[7m  \u001b[0m \u001b[91m                  ~~~~~~~~~~~~~~\u001b[0m\n\n    at createTSError (/Users/vladimir/pdd_project/backend/node_modules/ts-node/src/index.ts:859:12)\n    at reportTSError (/Users/vladimir/pdd_project/backend/node_modules/ts-node/src/index.ts:863:19)\n    at getOutput (/Users/vladimir/pdd_project/backend/node_modules/ts-node/src/index.ts:1077:36)\n    at Object.compile (/Users/vladimir/pdd_project/backend/node_modules/ts-node/src/index.ts:1433:41)\n    at Module.m._compile (/Users/vladimir/pdd_project/backend/node_modules/ts-node/src/index.ts:1617:30)\n    at node:internal/modules/cjs/loader:1824:10\n    at Object.require.extensions.<computed> [as .ts] (/Users/vladimir/pdd_project/backend/node_modules/ts-node/src/index.ts:1621:12)\n    at Module.load (node:internal/modules/cjs/loader:1427:32)\n    at Module._load (node:internal/modules/cjs/loader:1250:12)\n    at TracingChannel.traceSync (node:diagnostics_channel:322:14)","os":{"loadavg":[2.232421875,1.6630859375,1.50927734375],"uptime":1071905},"process":{"argv":["/Users/vladimir/pdd_project/backend/node_modules/.bin/ts-node","/Users/vladimir/pdd_project/backend/src/app.ts"],"cwd":"/Users/vladimir/pdd_project/backend","execPath":"/opt/homebrew/Cellar/node/24.4.1/bin/node","gid":20,"memoryUsage":{"arrayBuffers":5138243,"external":8345123,"heapTotal":347291648,"heapUsed":222998552,"rss":482836480},"pid":75135,"uid":501,"version":"v24.4.1"},"stack":"TSError: ⨯ Unable to compile TypeScript:\n\u001b[96msrc/routes/admin.routes.ts\u001b[0m:\u001b[93m20\u001b[0m:\u001b[93m19\u001b[0m - \u001b[91merror\u001b[0m\u001b[90m TS2551: \u001b[0mProperty 'getQuestion' does not exist on type 'AdminController'. Did you mean 'getQuestions'?\n\n\u001b[7m20\u001b[0m   AdminController.getQuestion(req, res).catch(next);\n\u001b[7m  \u001b[0m \u001b[91m                  ~~~~~~~~~~~\u001b[0m\n\n  \u001b[96msrc/controllers/admin.controller.ts\u001b[0m:\u001b[93m111\u001b[0m:\u001b[93m9\u001b[0m\n    \u001b[7m111\u001b[0m   async getQuestions(req: Request, res: Response): Promise<void> {\n    \u001b[7m   \u001b[0m \u001b[96m        ~~~~~~~~~~~~\u001b[0m\n    'getQuestions' is declared here.\n\u001b[96msrc/routes/admin.routes.ts\u001b[0m:\u001b[93m25\u001b[0m:\u001b[93m19\u001b[0m - \u001b[91merror\u001b[0m\u001b[90m TS2339: \u001b[0mProperty 'updateQuestion' does not exist on type 'AdminController'.\n\n\u001b[7m25\u001b[0m   AdminController.updateQuestion(req, res).catch(next);\n\u001b[7m  \u001b[0m \u001b[91m                  ~~~~~~~~~~~~~~\u001b[0m\n\u001b[96msrc/routes/admin.routes.ts\u001b[0m:\u001b[93m30\u001b[0m:\u001b[93m19\u001b[0m - \u001b[91merror\u001b[0m\u001b[90m TS2339: \u001b[0mProperty 'deleteQuestion' does not exist on type 'AdminController'.\n\n\u001b[7m30\u001b[0m   AdminController.deleteQuestion(req, res).catch(next);\n\u001b[7m  \u001b[0m \u001b[91m                  ~~~~~~~~~~~~~~\u001b[0m\n\n    at createTSError (/Users/vladimir/pdd_project/backend/node_modules/ts-node/src/index.ts:859:12)\n    at reportTSError (/Users/vladimir/pdd_project/backend/node_modules/ts-node/src/index.ts:863:19)\n    at getOutput (/Users/vladimir/pdd_project/backend/node_modules/ts-node/src/index.ts:1077:36)\n    at Object.compile (/Users/vladimir/pdd_project/backend/node_modules/ts-node/src/index.ts:1433:41)\n    at Module.m._compile (/Users/vladimir/pdd_project/backend/node_modules/ts-node/src/index.ts:1617:30)\n    at node:internal/modules/cjs/loader:1824:10\n    at Object.require.extensions.<computed> [as .ts] (/Users/vladimir/pdd_project/backend/node_modules/ts-node/src/index.ts:1621:12)\n    at Module.load (node:internal/modules/cjs/loader:1427:32)\n    at Module._load (node:internal/modules/cjs/loader:1250:12)\n    at TracingChannel.traceSync (node:diagnostics_channel:322:14)","timestamp":"2025-08-20 20:24:17","trace":[{"column":12,"file":"/Users/vladimir/pdd_project/backend/node_modules/ts-node/src/index.ts","function":"createTSError","line":859,"method":null,"native":false},{"column":19,"file":"/Users/vladimir/pdd_project/backend/node_modules/ts-node/src/index.ts","function":"reportTSError","line":863,"method":null,"native":false},{"column":36,"file":"/Users/vladimir/pdd_project/backend/node_modules/ts-node/src/index.ts","function":"getOutput","line":1077,"method":null,"native":false},{"column":41,"file":"/Users/vladimir/pdd_project/backend/node_modules/ts-node/src/index.ts","function":"Object.compile","line":1433,"method":"compile","native":false},{"column":30,"file":"/Users/vladimir/pdd_project/backend/node_modules/ts-node/src/index.ts","function":"Module.m._compile","line":1617,"method":"_compile","native":false},{"column":10,"file":"node:internal/modules/cjs/loader","function":null,"line":1824,"method":null,"native":false},{"column":12,"file":"/Users/vladimir/pdd_project/backend/node_modules/ts-node/src/index.ts","function":"Object.require.extensions.<computed> [as .ts]","line":1621,"method":"ts]","native":false},{"column":32,"file":"node:internal/modules/cjs/loader","function":"Module.load","line":1427,"method":"load","native":false},{"column":12,"file":"node:internal/modules/cjs/loader","function":"Module._load","line":1250,"method":"_load","native":false},{"column":14,"file":"node:diagnostics_channel","function":"TracingChannel.traceSync","line":322,"method":"traceSync","native":false}]}
{"date":"Wed Aug 20 2025 20:25:02 GMT+0300 (Moscow Standard Time)","error":{"diagnosticCodes":[2322,2322,2322,2322,2322]},"exception":true,"level":"error","message":"uncaughtException: ⨯ Unable to compile TypeScript:\n\u001b[96msrc/controllers/admin.controller.ts\u001b[0m:\u001b[93m155\u001b[0m:\u001b[93m9\u001b[0m - \u001b[91merror\u001b[0m\u001b[90m TS2322: \u001b[0mType 'Response<any, Record<string, any>>' is not assignable to type 'void'.\n\n\u001b[7m155\u001b[0m         return res.status(404).json({ error: 'Вопрос не найден' });\n\u001b[7m   \u001b[0m \u001b[91m        ~~~~~~\u001b[0m\n\u001b[96msrc/controllers/admin.controller.ts\u001b[0m:\u001b[93m175\u001b[0m:\u001b[93m80\u001b[0m - \u001b[91merror\u001b[0m\u001b[90m TS2322: \u001b[0mType 'string' is not assignable to type 'number | FindOperator<number> | undefined'.\n\n\u001b[7m175\u001b[0m       const question = await AppDataSource.getRepository(Question).findOneBy({ id });\n\u001b[7m   \u001b[0m \u001b[91m                                                                               ~~\u001b[0m\n\u001b[96msrc/controllers/admin.controller.ts\u001b[0m:\u001b[93m178\u001b[0m:\u001b[93m9\u001b[0m - \u001b[91merror\u001b[0m\u001b[90m TS2322: \u001b[0mType 'Response<any, Record<string, any>>' is not assignable to type 'void'.\n\n\u001b[7m178\u001b[0m         return res.status(404).json({ error: 'Вопрос не найден' });\n\u001b[7m   \u001b[0m \u001b[91m        ~~~~~~\u001b[0m\n\u001b[96msrc/controllers/admin.controller.ts\u001b[0m:\u001b[93m204\u001b[0m:\u001b[93m80\u001b[0m - \u001b[91merror\u001b[0m\u001b[90m TS2322: \u001b[0mType 'string' is not assignable to type 'number | FindOperator<number> | undefined'.\n\n\u001b[7m204\u001b[0m       const question = await AppDataSource.getRepository(Question).findOneBy({ id });\n\u001b[7m   \u001b[0m \u001b[91m                                                                               ~~\u001b[0m\n\u001b[96msrc/controllers/admin.controller.ts\u001b[0m:\u001b[93m207\u001b[0m:\u001b[93m9\u001b[0m - \u001b[91merror\u001b[0m\u001b[90m TS2322: \u001b[0mType 'Response<any, Record<string, any>>' is not assignable to type 'void'.\n\n\u001b[7m207\u001b[0m         return res.status(404).json({ error: 'Вопрос не найден' });\n\u001b[7m   \u001b[0m \u001b[91m        ~~~~~~\u001b[0m\n\nTSError: ⨯ Unable to compile TypeScript:\n\u001b[96msrc/controllers/admin.controller.ts\u001b[0m:\u001b[93m155\u001b[0m:\u001b[93m9\u001b[0m - \u001b[91merror\u001b[0m\u001b[90m TS2322: \u001b[0mType 'Response<any, Record<string, any>>' is not assignable to type 'void'.\n\n\u001b[7m155\u001b[0m         return res.status(404).json({ error: 'Вопрос не найден' });\n\u001b[7m   \u001b[0m \u001b[91m        ~~~~~~\u001b[0m\n\u001b[96msrc/controllers/admin.controller.ts\u001b[0m:\u001b[93m175\u001b[0m:\u001b[93m80\u001b[0m - \u001b[91merror\u001b[0m\u001b[90m TS2322: \u001b[0mType 'string' is not assignable to type 'number | FindOperator<number> | undefined'.\n\n\u001b[7m175\u001b[0m       const question = await AppDataSource.getRepository(Question).findOneBy({ id });\n\u001b[7m   \u001b[0m \u001b[91m                                                                               ~~\u001b[0m\n\u001b[96msrc/controllers/admin.controller.ts\u001b[0m:\u001b[93m178\u001b[0m:\u001b[93m9\u001b[0m - \u001b[91merror\u001b[0m\u001b[90m TS2322: \u001b[0mType 'Response<any, Record<string, any>>' is not assignable to type 'void'.\n\n\u001b[7m178\u001b[0m         return res.status(404).json({ error: 'Вопрос не найден' });\n\u001b[7m   \u001b[0m \u001b[91m        ~~~~~~\u001b[0m\n\u001b[96msrc/controllers/admin.controller.ts\u001b[0m:\u001b[93m204\u001b[0m:\u001b[93m80\u001b[0m - \u001b[91merror\u001b[0m\u001b[90m TS2322: \u001b[0mType 'string' is not assignable to type 'number | FindOperator<number> | undefined'.\n\n\u001b[7m204\u001b[0m       const question = await AppDataSource.getRepository(Question).findOneBy({ id });\n\u001b[7m   \u001b[0m \u001b[91m                                                                               ~~\u001b[0m\n\u001b[96msrc/controllers/admin.controller.ts\u001b[0m:\u001b[93m207\u001b[0m:\u001b[93m9\u001b[0m - \u001b[91merror\u001b[0m\u001b[90m TS2322: \u001b[0mType 'Response<any, Record<string, any>>' is not assignable to type 'void'.\n\n\u001b[7m207\u001b[0m         return res.status(404).json({ error: 'Вопрос не найден' });\n\u001b[7m   \u001b[0m \u001b[91m        ~~~~~~\u001b[0m\n\n    at createTSError (/Users/vladimir/pdd_project/backend/node_modules/ts-node/src/index.ts:859:12)\n    at reportTSError (/Users/vladimir/pdd_project/backend/node_modules/ts-node/src/index.ts:863:19)\n    at getOutput (/Users/vladimir/pdd_project/backend/node_modules/ts-node/src/index.ts:1077:36)\n    at Object.compile (/Users/vladimir/pdd_project/backend/node_modules/ts-node/src/index.ts:1433:41)\n    at Module.m._compile (/Users/vladimir/pdd_project/backend/node_modules/ts-node/src/index.ts:1617:30)\n    at node:internal/modules/cjs/loader:1824:10\n    at Object.require.extensions.<computed> [as .ts] (/Users/vladimir/pdd_project/backend/node_modules/ts-node/src/index.ts:1621:12)\n    at Module.load (node:internal/modules/cjs/loader:1427:32)\n    at Module._load (node:internal/modules/cjs/loader:1250:12)\n    at TracingChannel.traceSync (node:diagnostics_channel:322:14)","os":{"loadavg":[2.5048828125,1.82958984375,1.578125],"uptime":1071950},"process":{"argv":["/Users/vladimir/pdd_project/backend/node_modules/.bin/ts-node","/Users/vladimir/pdd_project/backend/src/app.ts"],"cwd":"/Users/vladimir/pdd_project/backend","execPath":"/opt/homebrew/Cellar/node/24.4.1/bin/node","gid":20,"memoryUsage":{"arrayBuffers":5146499,"external":8242536,"heapTotal":345047040,"heapUsed":230273184,"rss":485261312},"pid":75199,"uid":501,"version":"v24.4.1"},"stack":"TSError: ⨯ Unable to compile TypeScript:\n\u001b[96msrc/controllers/admin.controller.ts\u001b[0m:\u001b[93m155\u001b[0m:\u001b[93m9\u001b[0m - \u001b[91merror\u001b[0m\u001b[90m TS2322: \u001b[0mType 'Response<any, Record<string, any>>' is not assignable to type 'void'.\n\n\u001b[7m155\u001b[0m         return res.status(404).json({ error: 'Вопрос не найден' });\n\u001b[7m   \u001b[0m \u001b[91m        ~~~~~~\u001b[0m\n\u001b[96msrc/controllers/admin.controller.ts\u001b[0m:\u001b[93m175\u001b[0m:\u001b[93m80\u001b[0m - \u001b[91merror\u001b[0m\u001b[90m TS2322: \u001b[0mType 'string' is not assignable to type 'number | FindOperator<number> | undefined'.\n\n\u001b[7m175\u001b[0m       const question = await AppDataSource.getRepository(Question).findOneBy({ id });\n\u001b[7m   \u001b[0m \u001b[91m                                                                               ~~\u001b[0m\n\u001b[96msrc/controllers/admin.controller.ts\u001b[0m:\u001b[93m178\u001b[0m:\u001b[93m9\u001b[0m - \u001b[91merror\u001b[0m\u001b[90m TS2322: \u001b[0mType 'Response<any, Record<string, any>>' is not assignable to type 'void'.\n\n\u001b[7m178\u001b[0m         return res.status(404).json({ error: 'Вопрос не найден' });\n\u001b[7m   \u001b[0m \u001b[91m        ~~~~~~\u001b[0m\n\u001b[96msrc/controllers/admin.controller.ts\u001b[0m:\u001b[93m204\u001b[0m:\u001b[93m80\u001b[0m - \u001b[91merror\u001b[0m\u001b[90m TS2322: \u001b[0mType 'string' is not assignable to type 'number | FindOperator<number> | undefined'.\n\n\u001b[7m204\u001b[0m       const question = await AppDataSource.getRepository(Question).findOneBy({ id });\n\u001b[7m   \u001b[0m \u001b[91m                                                                               ~~\u001b[0m\n\u001b[96msrc/controllers/admin.controller.ts\u001b[0m:\u001b[93m207\u001b[0m:\u001b[93m9\u001b[0m - \u001b[91merror\u001b[0m\u001b[90m TS2322: \u001b[0mType 'Response<any, Record<string, any>>' is not assignable to type 'void'.\n\n\u001b[7m207\u001b[0m         return res.status(404).json({ error: 'Вопрос не найден' });\n\u001b[7m   \u001b[0m \u001b[91m        ~~~~~~\u001b[0m\n\n    at createTSError (/Users/vladimir/pdd_project/backend/node_modules/ts-node/src/index.ts:859:12)\n    at reportTSError (/Users/vladimir/pdd_project/backend/node_modules/ts-node/src/index.ts:863:19)\n    at getOutput (/Users/vladimir/pdd_project/backend/node_modules/ts-node/src/index.ts:1077:36)\n    at Object.compile (/Users/vladimir/pdd_project/backend/node_modules/ts-node/src/index.ts:1433:41)\n    at Module.m._compile (/Users/vladimir/pdd_project/backend/node_modules/ts-node/src/index.ts:1617:30)\n    at node:internal/modules/cjs/loader:1824:10\n    at Object.require.extensions.<computed> [as .ts] (/Users/vladimir/pdd_project/backend/node_modules/ts-node/src/index.ts:1621:12)\n    at Module.load (node:internal/modules/cjs/loader:1427:32)\n    at Module._load (node:internal/modules/cjs/loader:1250:12)\n    at TracingChannel.traceSync (node:diagnostics_channel:322:14)","timestamp":"2025-08-20 20:25:02","trace":[{"column":12,"file":"/Users/vladimir/pdd_project/backend/node_modules/ts-node/src/index.ts","function":"createTSError","line":859,"method":null,"native":false},{"column":19,"file":"/Users/vladimir/pdd_project/backend/node_modules/ts-node/src/index.ts","function":"reportTSError","line":863,"method":null,"native":false},{"column":36,"file":"/Users/vladimir/pdd_project/backend/node_modules/ts-node/src/index.ts","function":"getOutput","line":1077,"method":null,"native":false},{"column":41,"file":"/Users/vladimir/pdd_project/backend/node_modules/ts-node/src/index.ts","function":"Object.compile","line":1433,"method":"compile","native":false},{"column":30,"file":"/Users/vladimir/pdd_project/backend/node_modules/ts-node/src/index.ts","function":"Module.m._compile","line":1617,"method":"_compile","native":false},{"column":10,"file":"node:internal/modules/cjs/loader","function":null,"line":1824,"method":null,"native":false},{"column":12,"file":"/Users/vladimir/pdd_project/backend/node_modules/ts-node/src/index.ts","function":"Object.require.extensions.<computed> [as .ts]","line":1621,"method":"ts]","native":false},{"column":32,"file":"node:internal/modules/cjs/loader","function":"Module.load","line":1427,"method":"load","native":false},{"column":12,"file":"node:internal/modules/cjs/loader","function":"Module._load","line":1250,"method":"_load","native":false},{"column":14,"file":"node:diagnostics_channel","function":"TracingChannel.traceSync","line":322,"method":"traceSync","native":false}]}
{"date":"Wed Aug 20 2025 20:26:36 GMT+0300 (Moscow Standard Time)","error":{"diagnosticCodes":[2322,2322,2322]},"exception":true,"level":"error","message":"uncaughtException: ⨯ Unable to compile TypeScript:\n\u001b[96msrc/controllers/admin.controller.ts\u001b[0m:\u001b[93m155\u001b[0m:\u001b[93m9\u001b[0m - \u001b[91merror\u001b[0m\u001b[90m TS2322: \u001b[0mType 'Response<any, Record<string, any>>' is not assignable to type 'void'.\n\n\u001b[7m155\u001b[0m         return res.status(404).json({ error: 'Вопрос не найден' });\n\u001b[7m   \u001b[0m \u001b[91m        ~~~~~~\u001b[0m\n\u001b[96msrc/controllers/admin.controller.ts\u001b[0m:\u001b[93m178\u001b[0m:\u001b[93m9\u001b[0m - \u001b[91merror\u001b[0m\u001b[90m TS2322: \u001b[0mType 'Response<any, Record<string, any>>' is not assignable to type 'void'.\n\n\u001b[7m178\u001b[0m         return res.status(404).json({ error: 'Вопрос не найден' });\n\u001b[7m   \u001b[0m \u001b[91m        ~~~~~~\u001b[0m\n\u001b[96msrc/controllers/admin.controller.ts\u001b[0m:\u001b[93m207\u001b[0m:\u001b[93m9\u001b[0m - \u001b[91merror\u001b[0m\u001b[90m TS2322: \u001b[0mType 'Response<any, Record<string, any>>' is not assignable to type 'void'.\n\n\u001b[7m207\u001b[0m         return res.status(404).json({ error: 'Вопрос не найден' });\n\u001b[7m   \u001b[0m \u001b[91m        ~~~~~~\u001b[0m\n\nTSError: ⨯ Unable to compile TypeScript:\n\u001b[96msrc/controllers/admin.controller.ts\u001b[0m:\u001b[93m155\u001b[0m:\u001b[93m9\u001b[0m - \u001b[91merror\u001b[0m\u001b[90m TS2322: \u001b[0mType 'Response<any, Record<string, any>>' is not assignable to type 'void'.\n\n\u001b[7m155\u001b[0m         return res.status(404).json({ error: 'Вопрос не найден' });\n\u001b[7m   \u001b[0m \u001b[91m        ~~~~~~\u001b[0m\n\u001b[96msrc/controllers/admin.controller.ts\u001b[0m:\u001b[93m178\u001b[0m:\u001b[93m9\u001b[0m - \u001b[91merror\u001b[0m\u001b[90m TS2322: \u001b[0mType 'Response<any, Record<string, any>>' is not assignable to type 'void'.\n\n\u001b[7m178\u001b[0m         return res.status(404).json({ error: 'Вопрос не найден' });\n\u001b[7m   \u001b[0m \u001b[91m        ~~~~~~\u001b[0m\n\u001b[96msrc/controllers/admin.controller.ts\u001b[0m:\u001b[93m207\u001b[0m:\u001b[93m9\u001b[0m - \u001b[91merror\u001b[0m\u001b[90m TS2322: \u001b[0mType 'Response<any, Record<string, any>>' is not assignable to type 'void'.\n\n\u001b[7m207\u001b[0m         return res.status(404).json({ error: 'Вопрос не найден' });\n\u001b[7m   \u001b[0m \u001b[91m        ~~~~~~\u001b[0m\n\n    at createTSError (/Users/vladimir/pdd_project/backend/node_modules/ts-node/src/index.ts:859:12)\n    at reportTSError (/Users/vladimir/pdd_project/backend/node_modules/ts-node/src/index.ts:863:19)\n    at getOutput (/Users/vladimir/pdd_project/backend/node_modules/ts-node/src/index.ts:1077:36)\n    at Object.compile (/Users/vladimir/pdd_project/backend/node_modules/ts-node/src/index.ts:1433:41)\n    at Module.m._compile (/Users/vladimir/pdd_project/backend/node_modules/ts-node/src/index.ts:1617:30)\n    at node:internal/modules/cjs/loader:1824:10\n    at Object.require.extensions.<computed> [as .ts] (/Users/vladimir/pdd_project/backend/node_modules/ts-node/src/index.ts:1621:12)\n    at Module.load (node:internal/modules/cjs/loader:1427:32)\n    at Module._load (node:internal/modules/cjs/loader:1250:12)\n    at TracingChannel.traceSync (node:diagnostics_channel:322:14)","os":{"loadavg":[1.64501953125,1.703125,1.55419921875],"uptime":1072044},"process":{"argv":["/Users/vladimir/pdd_project/backend/node_modules/.bin/ts-node","/Users/vladimir/pdd_project/backend/src/app.ts"],"cwd":"/Users/vladimir/pdd_project/backend","execPath":"/opt/homebrew/Cellar/node/24.4.1/bin/node","gid":20,"memoryUsage":{"arrayBuffers":5146499,"external":8242536,"heapTotal":347553792,"heapUsed":228891672,"rss":480149504},"pid":75314,"uid":501,"version":"v24.4.1"},"stack":"TSError: ⨯ Unable to compile TypeScript:\n\u001b[96msrc/controllers/admin.controller.ts\u001b[0m:\u001b[93m155\u001b[0m:\u001b[93m9\u001b[0m - \u001b[91merror\u001b[0m\u001b[90m TS2322: \u001b[0mType 'Response<any, Record<string, any>>' is not assignable to type 'void'.\n\n\u001b[7m155\u001b[0m         return res.status(404).json({ error: 'Вопрос не найден' });\n\u001b[7m   \u001b[0m \u001b[91m        ~~~~~~\u001b[0m\n\u001b[96msrc/controllers/admin.controller.ts\u001b[0m:\u001b[93m178\u001b[0m:\u001b[93m9\u001b[0m - \u001b[91merror\u001b[0m\u001b[90m TS2322: \u001b[0mType 'Response<any, Record<string, any>>' is not assignable to type 'void'.\n\n\u001b[7m178\u001b[0m         return res.status(404).json({ error: 'Вопрос не найден' });\n\u001b[7m   \u001b[0m \u001b[91m        ~~~~~~\u001b[0m\n\u001b[96msrc/controllers/admin.controller.ts\u001b[0m:\u001b[93m207\u001b[0m:\u001b[93m9\u001b[0m - \u001b[91merror\u001b[0m\u001b[90m TS2322: \u001b[0mType 'Response<any, Record<string, any>>' is not assignable to type 'void'.\n\n\u001b[7m207\u001b[0m         return res.status(404).json({ error: 'Вопрос не найден' });\n\u001b[7m   \u001b[0m \u001b[91m        ~~~~~~\u001b[0m\n\n    at createTSError (/Users/vladimir/pdd_project/backend/node_modules/ts-node/src/index.ts:859:12)\n    at reportTSError (/Users/vladimir/pdd_project/backend/node_modules/ts-node/src/index.ts:863:19)\n    at getOutput (/Users/vladimir/pdd_project/backend/node_modules/ts-node/src/index.ts:1077:36)\n    at Object.compile (/Users/vladimir/pdd_project/backend/node_modules/ts-node/src/index.ts:1433:41)\n    at Module.m._compile (/Users/vladimir/pdd_project/backend/node_modules/ts-node/src/index.ts:1617:30)\n    at node:internal/modules/cjs/loader:1824:10\n    at Object.require.extensions.<computed> [as .ts] (/Users/vladimir/pdd_project/backend/node_modules/ts-node/src/index.ts:1621:12)\n    at Module.load (node:internal/modules/cjs/loader:1427:32)\n    at Module._load (node:internal/modules/cjs/loader:1250:12)\n    at TracingChannel.traceSync (node:diagnostics_channel:322:14)","timestamp":"2025-08-20 20:26:36","trace":[{"column":12,"file":"/Users/vladimir/pdd_project/backend/node_modules/ts-node/src/index.ts","function":"createTSError","line":859,"method":null,"native":false},{"column":19,"file":"/Users/vladimir/pdd_project/backend/node_modules/ts-node/src/index.ts","function":"reportTSError","line":863,"method":null,"native":false},{"column":36,"file":"/Users/vladimir/pdd_project/backend/node_modules/ts-node/src/index.ts","function":"getOutput","line":1077,"method":null,"native":false},{"column":41,"file":"/Users/vladimir/pdd_project/backend/node_modules/ts-node/src/index.ts","function":"Object.compile","line":1433,"method":"compile","native":false},{"column":30,"file":"/Users/vladimir/pdd_project/backend/node_modules/ts-node/src/index.ts","function":"Module.m._compile","line":1617,"method":"_compile","native":false},{"column":10,"file":"node:internal/modules/cjs/loader","function":null,"line":1824,"method":null,"native":false},{"column":12,"file":"/Users/vladimir/pdd_project/backend/node_modules/ts-node/src/index.ts","function":"Object.require.extensions.<computed> [as .ts]","line":1621,"method":"ts]","native":false},{"column":32,"file":"node:internal/modules/cjs/loader","function":"Module.load","line":1427,"method":"load","native":false},{"column":12,"file":"node:internal/modules/cjs/loader","function":"Module._load","line":1250,"method":"_load","native":false},{"column":14,"file":"node:diagnostics_channel","function":"TracingChannel.traceSync","line":322,"method":"traceSync","native":false}]}
{"date":"Wed Aug 20 2025 21:08:05 GMT+0300 (Moscow Standard Time)","error":{"diagnosticCodes":[2322,2322,2322]},"exception":true,"level":"error","message":"uncaughtException: ⨯ Unable to compile TypeScript:\n\u001b[96msrc/controllers/admin.controller.ts\u001b[0m:\u001b[93m155\u001b[0m:\u001b[93m9\u001b[0m - \u001b[91merror\u001b[0m\u001b[90m TS2322: \u001b[0mType 'Response<any, Record<string, any>>' is not assignable to type 'void'.\n\n\u001b[7m155\u001b[0m         return res.status(404).json({ error: 'Вопрос не найден' });\n\u001b[7m   \u001b[0m \u001b[91m        ~~~~~~\u001b[0m\n\u001b[96msrc/controllers/admin.controller.ts\u001b[0m:\u001b[93m178\u001b[0m:\u001b[93m9\u001b[0m - \u001b[91merror\u001b[0m\u001b[90m TS2322: \u001b[0mType 'Response<any, Record<string, any>>' is not assignable to type 'void'.\n\n\u001b[7m178\u001b[0m         return res.status(404).json({ error: 'Вопрос не найден' });\n\u001b[7m   \u001b[0m \u001b[91m        ~~~~~~\u001b[0m\n\u001b[96msrc/controllers/admin.controller.ts\u001b[0m:\u001b[93m207\u001b[0m:\u001b[93m9\u001b[0m - \u001b[91merror\u001b[0m\u001b[90m TS2322: \u001b[0mType 'Response<any, Record<string, any>>' is not assignable to type 'void'.\n\n\u001b[7m207\u001b[0m         return res.status(404).json({ error: 'Вопрос не найден' });\n\u001b[7m   \u001b[0m \u001b[91m        ~~~~~~\u001b[0m\n\nTSError: ⨯ Unable to compile TypeScript:\n\u001b[96msrc/controllers/admin.controller.ts\u001b[0m:\u001b[93m155\u001b[0m:\u001b[93m9\u001b[0m - \u001b[91merror\u001b[0m\u001b[90m TS2322: \u001b[0mType 'Response<any, Record<string, any>>' is not assignable to type 'void'.\n\n\u001b[7m155\u001b[0m         return res.status(404).json({ error: 'Вопрос не найден' });\n\u001b[7m   \u001b[0m \u001b[91m        ~~~~~~\u001b[0m\n\u001b[96msrc/controllers/admin.controller.ts\u001b[0m:\u001b[93m178\u001b[0m:\u001b[93m9\u001b[0m - \u001b[91merror\u001b[0m\u001b[90m TS2322: \u001b[0mType 'Response<any, Record<string, any>>' is not assignable to type 'void'.\n\n\u001b[7m178\u001b[0m         return res.status(404).json({ error: 'Вопрос не найден' });\n\u001b[7m   \u001b[0m \u001b[91m        ~~~~~~\u001b[0m\n\u001b[96msrc/controllers/admin.controller.ts\u001b[0m:\u001b[93m207\u001b[0m:\u001b[93m9\u001b[0m - \u001b[91merror\u001b[0m\u001b[90m TS2322: \u001b[0mType 'Response<any, Record<string, any>>' is not assignable to type 'void'.\n\n\u001b[7m207\u001b[0m         return res.status(404).json({ error: 'Вопрос не найден' });\n\u001b[7m   \u001b[0m \u001b[91m        ~~~~~~\u001b[0m\n\n    at createTSError (/Users/vladimir/pdd_project/backend/node_modules/ts-node/src/index.ts:859:12)\n    at reportTSError (/Users/vladimir/pdd_project/backend/node_modules/ts-node/src/index.ts:863:19)\n    at getOutput (/Users/vladimir/pdd_project/backend/node_modules/ts-node/src/index.ts:1077:36)\n    at Object.compile (/Users/vladimir/pdd_project/backend/node_modules/ts-node/src/index.ts:1433:41)\n    at Module.m._compile (/Users/vladimir/pdd_project/backend/node_modules/ts-node/src/index.ts:1617:30)\n    at node:internal/modules/cjs/loader:1824:10\n    at Object.require.extensions.<computed> [as .ts] (/Users/vladimir/pdd_project/backend/node_modules/ts-node/src/index.ts:1621:12)\n    at Module.load (node:internal/modules/cjs/loader:1427:32)\n    at Module._load (node:internal/modules/cjs/loader:1250:12)\n    at TracingChannel.traceSync (node:diagnostics_channel:322:14)","os":{"loadavg":[1.7998046875,2.18115234375,2.0146484375],"uptime":1074533},"process":{"argv":["/Users/vladimir/pdd_project/backend/node_modules/.bin/ts-node","/Users/vladimir/pdd_project/backend/src/app.ts"],"cwd":"/Users/vladimir/pdd_project/backend","execPath":"/opt/homebrew/Cellar/node/24.4.1/bin/node","gid":20,"memoryUsage":{"arrayBuffers":5146571,"external":8242608,"heapTotal":348078080,"heapUsed":229163896,"rss":478150656},"pid":77075,"uid":501,"version":"v24.4.1"},"stack":"TSError: ⨯ Unable to compile TypeScript:\n\u001b[96msrc/controllers/admin.controller.ts\u001b[0m:\u001b[93m155\u001b[0m:\u001b[93m9\u001b[0m - \u001b[91merror\u001b[0m\u001b[90m TS2322: \u001b[0mType 'Response<any, Record<string, any>>' is not assignable to type 'void'.\n\n\u001b[7m155\u001b[0m         return res.status(404).json({ error: 'Вопрос не найден' });\n\u001b[7m   \u001b[0m \u001b[91m        ~~~~~~\u001b[0m\n\u001b[96msrc/controllers/admin.controller.ts\u001b[0m:\u001b[93m178\u001b[0m:\u001b[93m9\u001b[0m - \u001b[91merror\u001b[0m\u001b[90m TS2322: \u001b[0mType 'Response<any, Record<string, any>>' is not assignable to type 'void'.\n\n\u001b[7m178\u001b[0m         return res.status(404).json({ error: 'Вопрос не найден' });\n\u001b[7m   \u001b[0m \u001b[91m        ~~~~~~\u001b[0m\n\u001b[96msrc/controllers/admin.controller.ts\u001b[0m:\u001b[93m207\u001b[0m:\u001b[93m9\u001b[0m - \u001b[91merror\u001b[0m\u001b[90m TS2322: \u001b[0mType 'Response<any, Record<string, any>>' is not assignable to type 'void'.\n\n\u001b[7m207\u001b[0m         return res.status(404).json({ error: 'Вопрос не найден' });\n\u001b[7m   \u001b[0m \u001b[91m        ~~~~~~\u001b[0m\n\n    at createTSError (/Users/vladimir/pdd_project/backend/node_modules/ts-node/src/index.ts:859:12)\n    at reportTSError (/Users/vladimir/pdd_project/backend/node_modules/ts-node/src/index.ts:863:19)\n    at getOutput (/Users/vladimir/pdd_project/backend/node_modules/ts-node/src/index.ts:1077:36)\n    at Object.compile (/Users/vladimir/pdd_project/backend/node_modules/ts-node/src/index.ts:1433:41)\n    at Module.m._compile (/Users/vladimir/pdd_project/backend/node_modules/ts-node/src/index.ts:1617:30)\n    at node:internal/modules/cjs/loader:1824:10\n    at Object.require.extensions.<computed> [as .ts] (/Users/vladimir/pdd_project/backend/node_modules/ts-node/src/index.ts:1621:12)\n    at Module.load (node:internal/modules/cjs/loader:1427:32)\n    at Module._load (node:internal/modules/cjs/loader:1250:12)\n    at TracingChannel.traceSync (node:diagnostics_channel:322:14)","timestamp":"2025-08-20 21:08:05","trace":[{"column":12,"file":"/Users/vladimir/pdd_project/backend/node_modules/ts-node/src/index.ts","function":"createTSError","line":859,"method":null,"native":false},{"column":19,"file":"/Users/vladimir/pdd_project/backend/node_modules/ts-node/src/index.ts","function":"reportTSError","line":863,"method":null,"native":false},{"column":36,"file":"/Users/vladimir/pdd_project/backend/node_modules/ts-node/src/index.ts","function":"getOutput","line":1077,"method":null,"native":false},{"column":41,"file":"/Users/vladimir/pdd_project/backend/node_modules/ts-node/src/index.ts","function":"Object.compile","line":1433,"method":"compile","native":false},{"column":30,"file":"/Users/vladimir/pdd_project/backend/node_modules/ts-node/src/index.ts","function":"Module.m._compile","line":1617,"method":"_compile","native":false},{"column":10,"file":"node:internal/modules/cjs/loader","function":null,"line":1824,"method":null,"native":false},{"column":12,"file":"/Users/vladimir/pdd_project/backend/node_modules/ts-node/src/index.ts","function":"Object.require.extensions.<computed> [as .ts]","line":1621,"method":"ts]","native":false},{"column":32,"file":"node:internal/modules/cjs/loader","function":"Module.load","line":1427,"method":"load","native":false},{"column":12,"file":"node:internal/modules/cjs/loader","function":"Module._load","line":1250,"method":"_load","native":false},{"column":14,"file":"node:diagnostics_channel","function":"TracingChannel.traceSync","line":322,"method":"traceSync","native":false}]}
{"date":"Wed Aug 20 2025 21:59:41 GMT+0300 (Moscow Standard Time)","error":{"diagnosticCodes":[2769]},"exception":true,"level":"error","message":"uncaughtException: ⨯ Unable to compile TypeScript:\n\u001b[96msrc/controllers/admin.controller.ts\u001b[0m:\u001b[93m190\u001b[0m:\u001b[93m48\u001b[0m - \u001b[91merror\u001b[0m\u001b[90m TS2769: \u001b[0mNo overload matches this call.\n  Overload 1 of 2, '(o: { [s: string]: string; } | ArrayLike<string>): string[]', gave the following error.\n    Argument of type '{ [type: string]: string; } | undefined' is not assignable to parameter of type '{ [s: string]: string; } | ArrayLike<string>'.\n      Type 'undefined' is not assignable to type '{ [s: string]: string; } | ArrayLike<string>'.\n  Overload 2 of 2, '(o: {}): any[]', gave the following error.\n    Argument of type '{ [type: string]: string; } | undefined' is not assignable to parameter of type '{}'.\n      Type 'undefined' is not assignable to type '{}'.\n\n\u001b[7m190\u001b[0m         details: errors.map(e => Object.values(e.constraints)),\n\u001b[7m   \u001b[0m \u001b[91m                                               ~~~~~~~~~~~~~\u001b[0m\n\n\nTSError: ⨯ Unable to compile TypeScript:\n\u001b[96msrc/controllers/admin.controller.ts\u001b[0m:\u001b[93m190\u001b[0m:\u001b[93m48\u001b[0m - \u001b[91merror\u001b[0m\u001b[90m TS2769: \u001b[0mNo overload matches this call.\n  Overload 1 of 2, '(o: { [s: string]: string; } | ArrayLike<string>): string[]', gave the following error.\n    Argument of type '{ [type: string]: string; } | undefined' is not assignable to parameter of type '{ [s: string]: string; } | ArrayLike<string>'.\n      Type 'undefined' is not assignable to type '{ [s: string]: string; } | ArrayLike<string>'.\n  Overload 2 of 2, '(o: {}): any[]', gave the following error.\n    Argument of type '{ [type: string]: string; } | undefined' is not assignable to parameter of type '{}'.\n      Type 'undefined' is not assignable to type '{}'.\n\n\u001b[7m190\u001b[0m         details: errors.map(e => Object.values(e.constraints)),\n\u001b[7m   \u001b[0m \u001b[91m                                               ~~~~~~~~~~~~~\u001b[0m\n\n\n    at createTSError (/Users/vladimir/pdd_project/backend/node_modules/ts-node/src/index.ts:859:12)\n    at reportTSError (/Users/vladimir/pdd_project/backend/node_modules/ts-node/src/index.ts:863:19)\n    at getOutput (/Users/vladimir/pdd_project/backend/node_modules/ts-node/src/index.ts:1077:36)\n    at Object.compile (/Users/vladimir/pdd_project/backend/node_modules/ts-node/src/index.ts:1433:41)\n    at Module.m._compile (/Users/vladimir/pdd_project/backend/node_modules/ts-node/src/index.ts:1617:30)\n    at node:internal/modules/cjs/loader:1824:10\n    at Object.require.extensions.<computed> [as .ts] (/Users/vladimir/pdd_project/backend/node_modules/ts-node/src/index.ts:1621:12)\n    at Module.load (node:internal/modules/cjs/loader:1427:32)\n    at Module._load (node:internal/modules/cjs/loader:1250:12)\n    at TracingChannel.traceSync (node:diagnostics_channel:322:14)","os":{"loadavg":[1.40869140625,1.4833984375,1.666015625],"uptime":1077629},"process":{"argv":["/Users/vladimir/pdd_project/backend/node_modules/.bin/ts-node","/Users/vladimir/pdd_project/backend/src/app.ts"],"cwd":"/Users/vladimir/pdd_project/backend","execPath":"/opt/homebrew/Cellar/node/24.4.1/bin/node","gid":20,"memoryUsage":{"arrayBuffers":5146467,"external":8242504,"heapTotal":372375552,"heapUsed":256346392,"rss":503447552},"pid":78904,"uid":501,"version":"v24.4.1"},"stack":"TSError: ⨯ Unable to compile TypeScript:\n\u001b[96msrc/controllers/admin.controller.ts\u001b[0m:\u001b[93m190\u001b[0m:\u001b[93m48\u001b[0m - \u001b[91merror\u001b[0m\u001b[90m TS2769: \u001b[0mNo overload matches this call.\n  Overload 1 of 2, '(o: { [s: string]: string; } | ArrayLike<string>): string[]', gave the following error.\n    Argument of type '{ [type: string]: string; } | undefined' is not assignable to parameter of type '{ [s: string]: string; } | ArrayLike<string>'.\n      Type 'undefined' is not assignable to type '{ [s: string]: string; } | ArrayLike<string>'.\n  Overload 2 of 2, '(o: {}): any[]', gave the following error.\n    Argument of type '{ [type: string]: string; } | undefined' is not assignable to parameter of type '{}'.\n      Type 'undefined' is not assignable to type '{}'.\n\n\u001b[7m190\u001b[0m         details: errors.map(e => Object.values(e.constraints)),\n\u001b[7m   \u001b[0m \u001b[91m                                               ~~~~~~~~~~~~~\u001b[0m\n\n\n    at createTSError (/Users/vladimir/pdd_project/backend/node_modules/ts-node/src/index.ts:859:12)\n    at reportTSError (/Users/vladimir/pdd_project/backend/node_modules/ts-node/src/index.ts:863:19)\n    at getOutput (/Users/vladimir/pdd_project/backend/node_modules/ts-node/src/index.ts:1077:36)\n    at Object.compile (/Users/vladimir/pdd_project/backend/node_modules/ts-node/src/index.ts:1433:41)\n    at Module.m._compile (/Users/vladimir/pdd_project/backend/node_modules/ts-node/src/index.ts:1617:30)\n    at node:internal/modules/cjs/loader:1824:10\n    at Object.require.extensions.<computed> [as .ts] (/Users/vladimir/pdd_project/backend/node_modules/ts-node/src/index.ts:1621:12)\n    at Module.load (node:internal/modules/cjs/loader:1427:32)\n    at Module._load (node:internal/modules/cjs/loader:1250:12)\n    at TracingChannel.traceSync (node:diagnostics_channel:322:14)","timestamp":"2025-08-20 21:59:41","trace":[{"column":12,"file":"/Users/vladimir/pdd_project/backend/node_modules/ts-node/src/index.ts","function":"createTSError","line":859,"method":null,"native":false},{"column":19,"file":"/Users/vladimir/pdd_project/backend/node_modules/ts-node/src/index.ts","function":"reportTSError","line":863,"method":null,"native":false},{"column":36,"file":"/Users/vladimir/pdd_project/backend/node_modules/ts-node/src/index.ts","function":"getOutput","line":1077,"method":null,"native":false},{"column":41,"file":"/Users/vladimir/pdd_project/backend/node_modules/ts-node/src/index.ts","function":"Object.compile","line":1433,"method":"compile","native":false},{"column":30,"file":"/Users/vladimir/pdd_project/backend/node_modules/ts-node/src/index.ts","function":"Module.m._compile","line":1617,"method":"_compile","native":false},{"column":10,"file":"node:internal/modules/cjs/loader","function":null,"line":1824,"method":null,"native":false},{"column":12,"file":"/Users/vladimir/pdd_project/backend/node_modules/ts-node/src/index.ts","function":"Object.require.extensions.<computed> [as .ts]","line":1621,"method":"ts]","native":false},{"column":32,"file":"node:internal/modules/cjs/loader","function":"Module.load","line":1427,"method":"load","native":false},{"column":12,"file":"node:internal/modules/cjs/loader","function":"Module._load","line":1250,"method":"_load","native":false},{"column":14,"file":"node:diagnostics_channel","function":"TracingChannel.traceSync","line":322,"method":"traceSync","native":false}]}
